<?xml version="1.0" encoding="UTF-8"?>
<testsuite xmlns:xsi="http://www.w3.org/2001/XMLSchema-instance" xsi:noNamespaceSchemaLocation="https://maven.apache.org/surefire/maven-surefire-plugin/xsd/surefire-test-report.xsd" name="co.unicauca.openmarket.domain.service.CategoryServiceTest" time="0.034" tests="5" errors="0" skipped="0" failures="0">
  <properties>
[...]
</properties>
  <testcase name="testDeleteCategoryNotFound" classname="co.unicauca.openmarket.domain.service.CategoryServiceTest" time="0.021"/>
  <testcase name="testEditCategory" classname="co.unicauca.openmarket.domain.service.CategoryServiceTest" time="0"/>
  <testcase name="testEditProductNotFound" classname="co.unicauca.openmarket.domain.service.CategoryServiceTest" time="0"/>
  <testcase name="testDeleteCategory" classname="co.unicauca.openmarket.domain.service.CategoryServiceTest" time="0"/>
  <testcase name="testFindAllCategories" classname="co.unicauca.openmarket.domain.service.CategoryServiceTest" time="0.001"/>
</testsuite>